<?xml version="1.0" encoding="UTF-8"?>
<!-- Generated by org.testng.reporters.JUnitXMLReporter -->
<testsuite ignored="6" hostname="Reshma-PC" failures="0" tests="4" name="Test" time="226.121" errors="0" timestamp="2022-06-21T20:33:18 IST">
  <testcase classname="com.crm.CreateProducts.CreateProductionTest" name="CreateProduct" time="36.466"/>
  <testcase classname="com.crm.CreateProducts.CreateproductionbyexcelTest" name="CreateProduct" time="19.49"/>
  <testcase classname="com.crm.CreateOrganization.CreateOrganizationByExcelTest" name="CreateOrganization" time="53.63"/>
  <testcase classname="com.crm.CreateOrganization.ToCreateOrganizationTest" name="CreateOrganization" time="24.007"/>
  <testcase classname="GenericUtilities.BaseClassUtilities" name="@BeforeSuite dbconfig" time="0.0">
    <ignored/>
  </testcase> <!-- @BeforeSuite dbconfig -->
  <testcase classname="GenericUtilities.BaseClassUtilities" name="@BeforeSuite dbconfig" time="0.0">
    <ignored/>
  </testcase> <!-- @BeforeSuite dbconfig -->
  <testcase classname="GenericUtilities.BaseClassUtilities" name="@BeforeSuite dbconfig" time="0.0">
    <ignored/>
  </testcase> <!-- @BeforeSuite dbconfig -->
  <testcase classname="GenericUtilities.BaseClassUtilities" name="@AfterSuite closeDBConfig" time="0.0">
    <ignored/>
  </testcase> <!-- @AfterSuite closeDBConfig -->
  <testcase classname="GenericUtilities.BaseClassUtilities" name="@AfterSuite closeDBConfig" time="0.0">
    <ignored/>
  </testcase> <!-- @AfterSuite closeDBConfig -->
  <testcase classname="GenericUtilities.BaseClassUtilities" name="@AfterSuite closeDBConfig" time="0.0">
    <ignored/>
  </testcase> <!-- @AfterSuite closeDBConfig -->
</testsuite> <!-- Test -->
