<?xml version="1.0" encoding="UTF-8"?>
<testng-results ignored="0" total="1" passed="1" failed="0" skipped="0">
  <reporter-output>
  </reporter-output>
  <suite started-at="2022-06-22T15:21:06 IST" name="Default suite" finished-at="2022-06-22T15:24:30 IST" duration-ms="203908">
    <groups>
    </groups>
    <test started-at="2022-06-22T15:21:06 IST" name="Default test" finished-at="2022-06-22T15:24:30 IST" duration-ms="203908">
      <class name="com.crm.CreateProducts.CreateProductionTest">
        <test-method is-config="true" signature="dbconfig()[pri:0, instance:com.crm.CreateProducts.CreateProductionTest@73e22a3d]" started-at="2022-06-22T15:21:06 IST" name="dbconfig" finished-at="2022-06-22T15:21:06 IST" duration-ms="18" status="PASS">
          <reporter-output>
          </reporter-output>
        </test-method> <!-- dbconfig -->
        <test-method is-config="true" signature="launchTheBrowse()[pri:0, instance:com.crm.CreateProducts.CreateProductionTest@73e22a3d]" started-at="2022-06-22T15:21:06 IST" name="launchTheBrowse" finished-at="2022-06-22T15:22:23 IST" duration-ms="76707" status="PASS">
          <reporter-output>
          </reporter-output>
        </test-method> <!-- launchTheBrowse -->
        <test-method is-config="true" signature="loginToAppln()[pri:0, instance:com.crm.CreateProducts.CreateProductionTest@73e22a3d]" started-at="2022-06-22T15:22:23 IST" name="loginToAppln" finished-at="2022-06-22T15:23:16 IST" duration-ms="53332" status="PASS">
          <reporter-output>
          </reporter-output>
        </test-method> <!-- loginToAppln -->
        <test-method signature="CreateProduct()[pri:0, instance:com.crm.CreateProducts.CreateProductionTest@73e22a3d]" started-at="2022-06-22T15:23:16 IST" name="CreateProduct" finished-at="2022-06-22T15:24:24 IST" duration-ms="67763" status="PASS">
          <reporter-output>
          </reporter-output>
        </test-method> <!-- CreateProduct -->
        <test-method is-config="true" signature="LogoutFromAppln()[pri:0, instance:com.crm.CreateProducts.CreateProductionTest@73e22a3d]" started-at="2022-06-22T15:24:24 IST" name="LogoutFromAppln" finished-at="2022-06-22T15:24:29 IST" duration-ms="4758" status="PASS">
          <reporter-output>
          </reporter-output>
        </test-method> <!-- LogoutFromAppln -->
        <test-method is-config="true" signature="closeTheBrowser()[pri:0, instance:com.crm.CreateProducts.CreateProductionTest@73e22a3d]" started-at="2022-06-22T15:24:29 IST" name="closeTheBrowser" finished-at="2022-06-22T15:24:30 IST" duration-ms="1261" status="PASS">
          <reporter-output>
          </reporter-output>
        </test-method> <!-- closeTheBrowser -->
        <test-method is-config="true" signature="closeDBConfig()[pri:0, instance:com.crm.CreateProducts.CreateProductionTest@73e22a3d]" started-at="2022-06-22T15:24:30 IST" name="closeDBConfig" finished-at="2022-06-22T15:24:30 IST" duration-ms="1" status="PASS">
          <reporter-output>
          </reporter-output>
        </test-method> <!-- closeDBConfig -->
      </class> <!-- com.crm.CreateProducts.CreateProductionTest -->
    </test> <!-- Default test -->
  </suite> <!-- Default suite -->
</testng-results>
